2024-08-05 08:43:02,851 - INFO - Found credentials in shared credentials file: ~/.aws/credentials
2024-08-05 08:43:03,338 - INFO - [31m[1mWARNING: This is a development server. Do not use it in a production deployment. Use a production WSGI server instead.[0m
 * Running on http://127.0.0.1:5000
2024-08-05 08:43:03,338 - INFO - [33mPress CTRL+C to quit[0m
2024-08-05 08:43:03,339 - INFO -  * Restarting with stat
2024-08-05 08:43:03,520 - INFO - Found credentials in shared credentials file: ~/.aws/credentials
2024-08-05 08:43:03,584 - WARNING -  * Debugger is active!
2024-08-05 08:43:03,593 - INFO -  * Debugger PIN: 484-752-590
2024-08-05 08:53:49,311 - INFO - Found credentials in shared credentials file: ~/.aws/credentials
2024-08-05 08:53:49,412 - INFO - [31m[1mWARNING: This is a development server. Do not use it in a production deployment. Use a production WSGI server instead.[0m
 * Running on http://127.0.0.1:5000
2024-08-05 08:53:49,412 - INFO - [33mPress CTRL+C to quit[0m
2024-08-05 08:53:49,413 - INFO -  * Restarting with stat
2024-08-05 08:53:49,558 - INFO - Found credentials in shared credentials file: ~/.aws/credentials
2024-08-05 08:53:49,622 - WARNING -  * Debugger is active!
2024-08-05 08:53:49,627 - INFO -  * Debugger PIN: 484-752-590
2024-08-05 08:56:32,462 - INFO - Found credentials in shared credentials file: ~/.aws/credentials
2024-08-05 08:56:32,566 - INFO - [31m[1mWARNING: This is a development server. Do not use it in a production deployment. Use a production WSGI server instead.[0m
 * Running on http://127.0.0.1:5000
2024-08-05 08:56:32,566 - INFO - [33mPress CTRL+C to quit[0m
2024-08-05 08:56:32,567 - INFO -  * Restarting with stat
2024-08-05 08:56:32,715 - INFO - Found credentials in shared credentials file: ~/.aws/credentials
2024-08-05 08:56:32,779 - WARNING -  * Debugger is active!
2024-08-05 08:56:32,783 - INFO -  * Debugger PIN: 484-752-590
